<?xml version="1.0" encoding="UTF-8"?>
<testng-results skipped="0" failed="0" ignored="0" total="1" passed="1">
  <reporter-output>
  </reporter-output>
  <suite name="Default suite" duration-ms="5755" started-at="2021-11-09T11:15:08Z" finished-at="2021-11-09T11:15:14Z">
    <groups>
    </groups>
    <test name="Default test" duration-ms="5755" started-at="2021-11-09T11:15:08Z" finished-at="2021-11-09T11:15:14Z">
      <class name="selenium.PetClinicTestRunner">
        <test-method status="PASS" signature="startUp()[pri:0, instance:selenium.PetClinicTestRunner@2893de87]" name="startUp" duration-ms="5729" started-at="2021-11-09T11:15:08Z" finished-at="2021-11-09T11:15:14Z">
          <reporter-output>
          </reporter-output>
        </test-method> <!-- startUp -->
      </class> <!-- selenium.PetClinicTestRunner -->
    </test> <!-- Default test -->
  </suite> <!-- Default suite -->
</testng-results>
