<?xml version="1.0" encoding="UTF-8"?>
<testng-results skipped="0" failed="0" ignored="0" total="1" passed="1">
  <reporter-output>
  </reporter-output>
  <suite name="Default suite" duration-ms="7551" started-at="2021-11-10T11:03:52Z" finished-at="2021-11-10T11:03:59Z">
    <groups>
      <group name="cucumber">
        <method signature="AbstractTestNGCucumberTests.runScenario(io.cucumber.testng.PickleWrapper, io.cucumber.testng.FeatureWrapper)[pri:0, instance:cucumber.PetClinicCucumberTest@475e586c]" name="runScenario" class="io.cucumber.testng.AbstractTestNGCucumberTests"/>
      </group> <!-- cucumber -->
    </groups>
    <test name="Default test" duration-ms="7551" started-at="2021-11-10T11:03:52Z" finished-at="2021-11-10T11:03:59Z">
      <class name="cucumber.PetClinicCucumberTest">
        <test-method status="PASS" signature="setUpClass(org.testng.ITestContext)[pri:0, instance:cucumber.PetClinicCucumberTest@475e586c]" name="setUpClass" is-config="true" duration-ms="307" started-at="2021-11-10T11:03:52Z" finished-at="2021-11-10T11:03:52Z">
          <params>
            <param index="0">
              <value>
                <![CDATA[org.testng.TestRunner@64711bf2]]>
              </value>
            </param>
          </params>
          <reporter-output>
          </reporter-output>
        </test-method> <!-- setUpClass -->
        <test-method status="PASS" signature="runScenario(io.cucumber.testng.PickleWrapper, io.cucumber.testng.FeatureWrapper)[pri:0, instance:cucumber.PetClinicCucumberTest@475e586c]" name="runScenario" duration-ms="7214" started-at="2021-11-10T11:03:52Z" description="Runs Cucumber Scenarios" data-provider="scenarios" finished-at="2021-11-10T11:03:59Z">
          <params>
            <param index="0">
              <value>
                <![CDATA["Search for Karaca in Petclinic"]]>
              </value>
            </param>
            <param index="1">
              <value>
                <![CDATA["Optional[PetClinic Operations]"]]>
              </value>
            </param>
          </params>
          <reporter-output>
          </reporter-output>
        </test-method> <!-- runScenario -->
        <test-method status="PASS" signature="tearDownClass()[pri:0, instance:cucumber.PetClinicCucumberTest@475e586c]" name="tearDownClass" is-config="true" duration-ms="10" started-at="2021-11-10T11:03:59Z" finished-at="2021-11-10T11:03:59Z">
          <reporter-output>
          </reporter-output>
        </test-method> <!-- tearDownClass -->
      </class> <!-- cucumber.PetClinicCucumberTest -->
    </test> <!-- Default test -->
  </suite> <!-- Default suite -->
</testng-results>
